<?xml version="1.0" encoding="UTF-8"?>
<!-- Generated by org.testng.reporters.JUnitXMLReporter -->
<testsuite ignored="0" hostname="LAPTOP-NR698FAV" failures="0" tests="5" name="Smoke Tests" time="15.166" errors="0" timestamp="2026-07-02T20:55:14 IST">
  <testcase classname="tests.Login" name="Login" time="4.474"/>
  <testcase classname="tests.Logout" name="Logout" time="3.022"/>
  <testcase classname="tests.Title" name="Title" time="2.082"/>
  <testcase classname="tests.GoogleSearch" name="GoogleSearch" time="2.757"/>
  <testcase classname="tests.SwagLab_Login" name="SwagLab_Login" time="2.759"/>
</testsuite> <!-- Smoke Tests -->
