<?xml version="1.0" encoding="UTF-8"?>
<testng-results ignored="0" total="5" passed="4" failed="1" skipped="0">
  <reporter-output>
  </reporter-output>
  <suite started-at="2026-07-02T18:33:13 IST" name="Smoke Suite" finished-at="2026-07-02T18:33:29 IST" duration-ms="15503">
    <groups>
    </groups>
    <test started-at="2026-07-02T18:33:13 IST" name="Smoke Tests" finished-at="2026-07-02T18:33:29 IST" duration-ms="15503">
      <class name="tests.Login">
        <test-method signature="Login()[pri:0, instance:tests.Login@397fbdb]" started-at="2026-07-02T18:33:13 IST" name="Login" finished-at="2026-07-02T18:33:18 IST" duration-ms="4234" status="PASS">
          <reporter-output>
          </reporter-output>
        </test-method> <!-- Login -->
      </class> <!-- tests.Login -->
      <class name="tests.Title">
        <test-method signature="Title()[pri:0, instance:tests.Title@2d3379b4]" started-at="2026-07-02T18:33:20 IST" name="Title" finished-at="2026-07-02T18:33:23 IST" duration-ms="2702" status="PASS">
          <reporter-output>
          </reporter-output>
        </test-method> <!-- Title -->
      </class> <!-- tests.Title -->
      <class name="tests.Logout">
        <test-method signature="Logout()[pri:0, instance:tests.Logout@618b19ad]" started-at="2026-07-02T18:33:18 IST" name="Logout" finished-at="2026-07-02T18:33:20 IST" duration-ms="2380" status="FAIL">
          <exception class="org.openqa.selenium.InvalidSelectorException">
            <message>
              <![CDATA[Compound class names not permitted
For documentation on this error, please visit: https://www.selenium.dev/documentation/webdriver/troubleshooting/errors#invalid-selector-exception
Build info: version: '4.33.0', revision: '2c6aaad03a'
System info: os.name: 'Windows 11', os.arch: 'amd64', os.version: '10.0', java.version: '21.0.11'
Driver info: driver.version: unknown]]>
            </message>
            <full-stacktrace>
              <![CDATA[org.openqa.selenium.InvalidSelectorException: Compound class names not permitted
For documentation on this error, please visit: https://www.selenium.dev/documentation/webdriver/troubleshooting/errors#invalid-selector-exception
Build info: version: '4.33.0', revision: '2c6aaad03a'
System info: os.name: 'Windows 11', os.arch: 'amd64', os.version: '10.0', java.version: '21.0.11'
Driver info: driver.version: unknown
at org.openqa.selenium.By$ByClassName.<init>(By.java:309)
at org.openqa.selenium.By.className(By.java:100)
at tests.Logout.Logout(Logout.java:27)
at java.base/jdk.internal.reflect.DirectMethodHandleAccessor.invoke(DirectMethodHandleAccessor.java:103)
at java.base/java.lang.reflect.Method.invoke(Method.java:580)
at org.testng.internal.invokers.MethodInvocationHelper.invokeMethod(MethodInvocationHelper.java:141)
at org.testng.internal.invokers.TestInvoker.invokeMethod(TestInvoker.java:687)
at org.testng.internal.invokers.TestInvoker.invokeTestMethod(TestInvoker.java:230)
at org.testng.internal.invokers.MethodRunner.runInSequence(MethodRunner.java:63)
at org.testng.internal.invokers.TestInvoker$MethodInvocationAgent.invoke(TestInvoker.java:995)
at org.testng.internal.invokers.TestInvoker.invokeTestMethods(TestInvoker.java:203)
at org.testng.internal.invokers.TestMethodWorker.invokeTestMethods(TestMethodWorker.java:154)
at org.testng.internal.invokers.TestMethodWorker.run(TestMethodWorker.java:134)
at java.base/java.util.ArrayList.forEach(ArrayList.java:1596)
at org.testng.TestRunner.privateRun(TestRunner.java:741)
at org.testng.TestRunner.run(TestRunner.java:616)
at org.testng.SuiteRunner.runTest(SuiteRunner.java:421)
at org.testng.SuiteRunner.runSequentially(SuiteRunner.java:413)
at org.testng.SuiteRunner.privateRun(SuiteRunner.java:373)
at org.testng.SuiteRunner.run(SuiteRunner.java:312)
at org.testng.SuiteRunnerWorker.runSuite(SuiteRunnerWorker.java:52)
at org.testng.SuiteRunnerWorker.run(SuiteRunnerWorker.java:95)
at org.testng.TestNG.runSuitesSequentially(TestNG.java:1274)
at org.testng.TestNG.runSuitesLocally(TestNG.java:1208)
at org.testng.TestNG.runSuites(TestNG.java:1112)
at org.testng.TestNG.run(TestNG.java:1079)
at org.testng.remote.AbstractRemoteTestNG.run(AbstractRemoteTestNG.java:115)
at org.testng.remote.RemoteTestNG.initAndRun(RemoteTestNG.java:293)
at org.testng.remote.RemoteTestNG.main(RemoteTestNG.java:91)
]]>
            </full-stacktrace>
          </exception> <!-- org.openqa.selenium.InvalidSelectorException -->
          <reporter-output>
          </reporter-output>
        </test-method> <!-- Logout -->
      </class> <!-- tests.Logout -->
      <class name="tests.SwagLab_Login">
        <test-method signature="SwagLab_Login()[pri:0, instance:tests.SwagLab_Login@5e0e82ae]" started-at="2026-07-02T18:33:25 IST" name="SwagLab_Login" finished-at="2026-07-02T18:33:29 IST" duration-ms="3429" status="PASS">
          <reporter-output>
          </reporter-output>
        </test-method> <!-- SwagLab_Login -->
      </class> <!-- tests.SwagLab_Login -->
      <class name="tests.GoogleSearch">
        <test-method signature="GoogleSearch()[pri:0, instance:tests.GoogleSearch@30c15d8b]" started-at="2026-07-02T18:33:23 IST" name="GoogleSearch" finished-at="2026-07-02T18:33:25 IST" duration-ms="2658" status="PASS">
          <reporter-output>
          </reporter-output>
        </test-method> <!-- GoogleSearch -->
      </class> <!-- tests.GoogleSearch -->
    </test> <!-- Smoke Tests -->
  </suite> <!-- Smoke Suite -->
</testng-results>
