<?xml version="1.0" encoding="UTF-8"?>
<testng-results ignored="0" total="5" passed="5" failed="0" skipped="0">
  <reporter-output>
  </reporter-output>
  <suite started-at="2026-07-02T20:54:59 IST" name="Smoke Suite" finished-at="2026-07-02T20:55:14 IST" duration-ms="15166">
    <groups>
    </groups>
    <test started-at="2026-07-02T20:54:59 IST" name="Smoke Tests" finished-at="2026-07-02T20:55:14 IST" duration-ms="15166">
      <class name="tests.Login">
        <test-method signature="Login()[pri:0, instance:tests.Login@397fbdb]" started-at="2026-07-02T20:54:59 IST" name="Login" finished-at="2026-07-02T20:55:03 IST" duration-ms="4474" status="PASS">
          <reporter-output>
          </reporter-output>
        </test-method> <!-- Login -->
      </class> <!-- tests.Login -->
      <class name="tests.Title">
        <test-method signature="Title()[pri:0, instance:tests.Title@2d3379b4]" started-at="2026-07-02T20:55:06 IST" name="Title" finished-at="2026-07-02T20:55:08 IST" duration-ms="2082" status="PASS">
          <reporter-output>
          </reporter-output>
        </test-method> <!-- Title -->
      </class> <!-- tests.Title -->
      <class name="tests.Logout">
        <test-method signature="Logout()[pri:0, instance:tests.Logout@618b19ad]" started-at="2026-07-02T20:55:03 IST" name="Logout" finished-at="2026-07-02T20:55:06 IST" duration-ms="3022" status="PASS">
          <reporter-output>
          </reporter-output>
        </test-method> <!-- Logout -->
      </class> <!-- tests.Logout -->
      <class name="tests.SwagLab_Login">
        <test-method signature="SwagLab_Login()[pri:0, instance:tests.SwagLab_Login@5e0e82ae]" started-at="2026-07-02T20:55:11 IST" name="SwagLab_Login" finished-at="2026-07-02T20:55:14 IST" duration-ms="2759" status="PASS">
          <reporter-output>
          </reporter-output>
        </test-method> <!-- SwagLab_Login -->
      </class> <!-- tests.SwagLab_Login -->
      <class name="tests.GoogleSearch">
        <test-method signature="GoogleSearch()[pri:0, instance:tests.GoogleSearch@30c15d8b]" started-at="2026-07-02T20:55:08 IST" name="GoogleSearch" finished-at="2026-07-02T20:55:11 IST" duration-ms="2757" status="PASS">
          <reporter-output>
          </reporter-output>
        </test-method> <!-- GoogleSearch -->
      </class> <!-- tests.GoogleSearch -->
    </test> <!-- Smoke Tests -->
  </suite> <!-- Smoke Suite -->
</testng-results>
